INFO:root:Processing file: btc_15m_data_2018_to_2024-2024-10-10.csv
INFO:root:Initial shape: (237003, 12)
INFO:root:Shape after handling NaNs: (0, 11)
ERROR:root:Error adding all TA features to btc_15m_data_2018_to_2024-2024-10-10.csv: iloc cannot enlarge its target object
WARNING:root:Not enough data for 45m window. Skipping these calculations.
WARNING:root:Not enough data for 3h window. Skipping these calculations.
WARNING:root:Not enough data for 12h window. Skipping these calculations.
INFO:root:Final shape: (0, 20)
INFO:root:Comprehensive TA features added to btc_15m_data_2018_to_2024-2024-10-10.csv and saved to 15m_btc_15m_data_2018_to_2024-2024-10-10_with_comprehensive_ta.csv
INFO:root:-----------------------------------
INFO:root:Processing file: btc_1d_data_2018_to_2024-2024-10-10.csv
INFO:root:Initial shape: (2475, 12)
INFO:root:Shape after handling NaNs: (0, 11)
ERROR:root:Error adding all TA features to btc_1d_data_2018_to_2024-2024-10-10.csv: iloc cannot enlarge its target object
WARNING:root:Not enough data for 1w window. Skipping these calculations.
WARNING:root:Not enough data for 1m window. Skipping these calculations.
WARNING:root:Not enough data for 1y window. Skipping these calculations.
INFO:root:Final shape: (0, 20)
INFO:root:Comprehensive TA features added to btc_1d_data_2018_to_2024-2024-10-10.csv and saved to 1d_btc_1d_data_2018_to_2024-2024-10-10_with_comprehensive_ta.csv
INFO:root:-----------------------------------
INFO:root:Processing file: btc_1h_data_2018_to_2024-2024-10-10.csv
INFO:root:Initial shape: (59262, 12)
INFO:root:Shape after handling NaNs: (0, 11)
ERROR:root:Error adding all TA features to btc_1h_data_2018_to_2024-2024-10-10.csv: iloc cannot enlarge its target object
WARNING:root:Not enough data for 4h window. Skipping these calculations.
WARNING:root:Not enough data for 1d window. Skipping these calculations.
WARNING:root:Not enough data for 1w window. Skipping these calculations.
INFO:root:Final shape: (0, 20)
INFO:root:Comprehensive TA features added to btc_1h_data_2018_to_2024-2024-10-10.csv and saved to 1h_btc_1h_data_2018_to_2024-2024-10-10_with_comprehensive_ta.csv
INFO:root:-----------------------------------
INFO:root:Processing file: btc_4h_data_2018_to_2024-2024-10-10.csv
INFO:root:Initial shape: (14830, 12)
INFO:root:Shape after handling NaNs: (0, 11)
ERROR:root:Error adding all TA features to btc_4h_data_2018_to_2024-2024-10-10.csv: iloc cannot enlarge its target object
WARNING:root:Not enough data for 8h window. Skipping these calculations.
WARNING:root:Not enough data for 1d window. Skipping these calculations.
WARNING:root:Not enough data for 1w window. Skipping these calculations.
INFO:root:Final shape: (0, 20)
INFO:root:Comprehensive TA features added to btc_4h_data_2018_to_2024-2024-10-10.csv and saved to 4h_btc_4h_data_2018_to_2024-2024-10-10_with_comprehensive_ta.csv
INFO:root:-----------------------------------
INFO:root:Processing file: btc_15m_data_2018_to_2024-2024-10-10.csv
INFO:root:Initial shape: (237003, 12)
INFO:root:Shape after handling NaNs: (0, 11)
ERROR:root:Error adding all TA features to btc_15m_data_2018_to_2024-2024-10-10.csv: iloc cannot enlarge its target object
WARNING:root:Not enough data for 45m window. Skipping these calculations.
WARNING:root:Not enough data for 3h window. Skipping these calculations.
WARNING:root:Not enough data for 12h window. Skipping these calculations.
INFO:root:Final shape: (0, 20)
INFO:root:Comprehensive TA features added to btc_15m_data_2018_to_2024-2024-10-10.csv and saved to 15m_btc_15m_data_2018_to_2024-2024-10-10_with_comprehensive_ta.csv
INFO:root:-----------------------------------
INFO:root:Processing file: btc_1d_data_2018_to_2024-2024-10-10.csv
INFO:root:Initial shape: (2475, 12)
WARNING:root:Some datetime values could not be converted and were set to NaT. Dropping NaT values.
INFO:root:Shape after handling NaNs: (0, 11)
ERROR:root:Error adding all TA features to btc_1d_data_2018_to_2024-2024-10-10.csv: iloc cannot enlarge its target object
WARNING:root:Not enough data for 1w window. Skipping these calculations.
WARNING:root:Not enough data for 1m window. Skipping these calculations.
WARNING:root:Not enough data for 1y window. Skipping these calculations.
INFO:root:Final shape: (0, 20)
INFO:root:Comprehensive TA features added to btc_1d_data_2018_to_2024-2024-10-10.csv and saved to 1d_btc_1d_data_2018_to_2024-2024-10-10_with_comprehensive_ta.csv
INFO:root:-----------------------------------
INFO:root:Processing file: btc_1h_data_2018_to_2024-2024-10-10.csv
INFO:root:Initial shape: (59262, 12)
INFO:root:Shape after handling NaNs: (0, 11)
ERROR:root:Error adding all TA features to btc_1h_data_2018_to_2024-2024-10-10.csv: iloc cannot enlarge its target object
WARNING:root:Not enough data for 4h window. Skipping these calculations.
WARNING:root:Not enough data for 1d window. Skipping these calculations.
WARNING:root:Not enough data for 1w window. Skipping these calculations.
INFO:root:Final shape: (0, 20)
INFO:root:Comprehensive TA features added to btc_1h_data_2018_to_2024-2024-10-10.csv and saved to 1h_btc_1h_data_2018_to_2024-2024-10-10_with_comprehensive_ta.csv
INFO:root:-----------------------------------
INFO:root:Processing file: btc_4h_data_2018_to_2024-2024-10-10.csv
INFO:root:Initial shape: (14830, 12)
INFO:root:Shape after handling NaNs: (0, 11)
ERROR:root:Error adding all TA features to btc_4h_data_2018_to_2024-2024-10-10.csv: iloc cannot enlarge its target object
WARNING:root:Not enough data for 8h window. Skipping these calculations.
WARNING:root:Not enough data for 1d window. Skipping these calculations.
WARNING:root:Not enough data for 1w window. Skipping these calculations.
INFO:root:Final shape: (0, 20)
INFO:root:Comprehensive TA features added to btc_4h_data_2018_to_2024-2024-10-10.csv and saved to 4h_btc_4h_data_2018_to_2024-2024-10-10_with_comprehensive_ta.csv
INFO:root:-----------------------------------
INFO:root:Processing file: btc_15m_data_2018_to_2024-2024-10-10.csv
INFO:root:Initial shape: (237003, 12)
INFO:root:Shape after handling NaNs: (0, 11)
ERROR:root:Error adding all TA features to btc_15m_data_2018_to_2024-2024-10-10.csv: iloc cannot enlarge its target object
WARNING:root:Not enough data for 45m window. Skipping these calculations.
WARNING:root:Not enough data for 3h window. Skipping these calculations.
WARNING:root:Not enough data for 12h window. Skipping these calculations.
INFO:root:Final shape: (0, 20)
INFO:root:Comprehensive TA features added to btc_15m_data_2018_to_2024-2024-10-10.csv and saved to 15m_btc_15m_data_2018_to_2024-2024-10-10_with_comprehensive_ta.csv
INFO:root:-----------------------------------
INFO:root:Processing file: btc_1d_data_2018_to_2024-2024-10-10.csv
INFO:root:Initial shape: (2475, 12)
WARNING:root:Some datetime values could not be converted and were set to NaT. Dropping NaT values.
INFO:root:Shape after handling NaNs: (0, 11)
ERROR:root:Error adding all TA features to btc_1d_data_2018_to_2024-2024-10-10.csv: iloc cannot enlarge its target object
WARNING:root:Not enough data for 1w window. Skipping these calculations.
WARNING:root:Not enough data for 1m window. Skipping these calculations.
WARNING:root:Not enough data for 1y window. Skipping these calculations.
INFO:root:Final shape: (0, 20)
INFO:root:Comprehensive TA features added to btc_1d_data_2018_to_2024-2024-10-10.csv and saved to 1d_btc_1d_data_2018_to_2024-2024-10-10_with_comprehensive_ta.csv
INFO:root:-----------------------------------
INFO:root:Processing file: btc_1h_data_2018_to_2024-2024-10-10.csv
INFO:root:Initial shape: (59262, 12)
INFO:root:Shape after handling NaNs: (0, 11)
ERROR:root:Error adding all TA features to btc_1h_data_2018_to_2024-2024-10-10.csv: iloc cannot enlarge its target object
WARNING:root:Not enough data for 4h window. Skipping these calculations.
WARNING:root:Not enough data for 1d window. Skipping these calculations.
WARNING:root:Not enough data for 1w window. Skipping these calculations.
INFO:root:Final shape: (0, 20)
INFO:root:Comprehensive TA features added to btc_1h_data_2018_to_2024-2024-10-10.csv and saved to 1h_btc_1h_data_2018_to_2024-2024-10-10_with_comprehensive_ta.csv
INFO:root:-----------------------------------
INFO:root:Processing file: btc_4h_data_2018_to_2024-2024-10-10.csv
INFO:root:Initial shape: (14830, 12)
INFO:root:Shape after handling NaNs: (0, 11)
ERROR:root:Error adding all TA features to btc_4h_data_2018_to_2024-2024-10-10.csv: iloc cannot enlarge its target object
WARNING:root:Not enough data for 8h window. Skipping these calculations.
WARNING:root:Not enough data for 1d window. Skipping these calculations.
WARNING:root:Not enough data for 1w window. Skipping these calculations.
INFO:root:Final shape: (0, 20)
INFO:root:Comprehensive TA features added to btc_4h_data_2018_to_2024-2024-10-10.csv and saved to 4h_btc_4h_data_2018_to_2024-2024-10-10_with_comprehensive_ta.csv
INFO:root:-----------------------------------
INFO:root:Processing file: btc_15m_data_2018_to_2024-2024-10-10.csv
INFO:root:Initial shape: (237003, 12)
INFO:root:Shape after handling NaNs: (0, 11)
ERROR:root:All rows have been dropped after handling NaNs for btc_15m_data_2018_to_2024-2024-10-10.csv. Skipping processing.
INFO:root:Processing file: btc_1d_data_2018_to_2024-2024-10-10.csv
INFO:root:Initial shape: (2475, 12)
WARNING:root:Some datetime values could not be converted and were set to NaT. Dropping NaT values.
INFO:root:Shape after handling NaNs: (0, 11)
ERROR:root:All rows have been dropped after handling NaNs for btc_1d_data_2018_to_2024-2024-10-10.csv. Skipping processing.
INFO:root:Processing file: btc_1h_data_2018_to_2024-2024-10-10.csv
INFO:root:Initial shape: (59262, 12)
INFO:root:Shape after handling NaNs: (0, 11)
ERROR:root:All rows have been dropped after handling NaNs for btc_1h_data_2018_to_2024-2024-10-10.csv. Skipping processing.
INFO:root:Processing file: btc_4h_data_2018_to_2024-2024-10-10.csv
INFO:root:Initial shape: (14830, 12)
INFO:root:Shape after handling NaNs: (0, 11)
ERROR:root:All rows have been dropped after handling NaNs for btc_4h_data_2018_to_2024-2024-10-10.csv. Skipping processing.
2024-10-19 19:27:20.024 | INFO     | __main__:process_file:96 - Processing file: btc_15m_data_2018_to_2024-2024-10-10.csv
2024-10-19 19:27:20.156 | ERROR    | __main__:process_file:131 - All rows have been dropped after handling NaNs for btc_15m_data_2018_to_2024-2024-10-10.csv. Skipping processing.
2024-10-19 19:27:20.161 | INFO     | __main__:process_file:96 - Processing file: btc_1d_data_2018_to_2024-2024-10-10.csv
2024-10-19 19:27:20.166 | ERROR    | __main__:process_file:131 - All rows have been dropped after handling NaNs for btc_1d_data_2018_to_2024-2024-10-10.csv. Skipping processing.
2024-10-19 19:27:20.240 | INFO     | __main__:process_file:96 - Processing file: btc_1h_data_2018_to_2024-2024-10-10.csv
2024-10-19 19:27:20.279 | ERROR    | __main__:process_file:131 - All rows have been dropped after handling NaNs for btc_1h_data_2018_to_2024-2024-10-10.csv. Skipping processing.
2024-10-19 19:27:20.298 | INFO     | __main__:process_file:96 - Processing file: btc_4h_data_2018_to_2024-2024-10-10.csv
2024-10-19 19:27:20.311 | ERROR    | __main__:process_file:131 - All rows have been dropped after handling NaNs for btc_4h_data_2018_to_2024-2024-10-10.csv. Skipping processing.
2024-10-19 19:28:05.960 | INFO     | __main__:process_file:96 - Processing file: btc_15m_data_2018_to_2024-2024-10-10.csv
2024-10-19 19:28:06.040 | INFO     | __main__:process_file:106 - Shape after dropping NaT values in 'Open time': (237003, 12)
2024-10-19 19:28:06.097 | ERROR    | __main__:process_file:136 - All rows have been dropped after handling NaNs for btc_15m_data_2018_to_2024-2024-10-10.csv. Skipping processing.
2024-10-19 19:28:06.102 | INFO     | __main__:process_file:96 - Processing file: btc_1d_data_2018_to_2024-2024-10-10.csv
2024-10-19 19:28:06.104 | INFO     | __main__:process_file:106 - Shape after dropping NaT values in 'Open time': (2441, 12)
2024-10-19 19:28:06.107 | ERROR    | __main__:process_file:136 - All rows have been dropped after handling NaNs for btc_1d_data_2018_to_2024-2024-10-10.csv. Skipping processing.
2024-10-19 19:28:06.182 | INFO     | __main__:process_file:96 - Processing file: btc_1h_data_2018_to_2024-2024-10-10.csv
2024-10-19 19:28:06.202 | INFO     | __main__:process_file:106 - Shape after dropping NaT values in 'Open time': (59262, 12)
2024-10-19 19:28:06.222 | ERROR    | __main__:process_file:136 - All rows have been dropped after handling NaNs for btc_1h_data_2018_to_2024-2024-10-10.csv. Skipping processing.
2024-10-19 19:28:06.243 | INFO     | __main__:process_file:96 - Processing file: btc_4h_data_2018_to_2024-2024-10-10.csv
2024-10-19 19:28:06.250 | INFO     | __main__:process_file:106 - Shape after dropping NaT values in 'Open time': (14830, 12)
2024-10-19 19:28:06.256 | ERROR    | __main__:process_file:136 - All rows have been dropped after handling NaNs for btc_4h_data_2018_to_2024-2024-10-10.csv. Skipping processing.
2024-10-19 19:28:24.910 | INFO     | __main__:process_file:96 - Processing file: btc_15m_data_2018_to_2024-2024-10-10.csv
2024-10-19 19:28:25.001 | INFO     | __main__:process_file:102 - Columns with NaN values after dropping 'Open time': {'Open time': 0, 'Open': 0, 'High': 0, 'Low': 0, 'Close': 0, 'Volume': 0, 'Close time': 0, 'Quote asset volume': 0, 'Number of trades': 0, 'Taker buy base asset volume': 0, 'Taker buy quote asset volume': 0, 'Ignore': 0}
2024-10-19 19:28:25.001 | INFO     | __main__:process_file:107 - Shape after dropping NaT values in 'Open time': (237003, 12)
2024-10-19 19:28:25.008 | INFO     | __main__:process_file:135 - Columns with NaN values before dropping: {'open': 0, 'high': 0, 'low': 0, 'close': 0, 'volume': 0, 'Close time': 0, 'Quote asset volume': 0, 'Number of trades': 0, 'Taker buy base asset volume': 0, 'Taker buy quote asset volume': 0, 'Ignore': 0}
2024-10-19 19:28:25.019 | INFO     | __main__:process_file:141 - Shape after handling NaNs: (237003, 11)
2024-10-19 19:28:25.019 | INFO     | __main__:process_file:146 - Shape after handling NaNs: (237003, 11)
2024-10-19 19:28:43.404 | INFO     | __main__:process_file:162 - Successfully added all TA features.
2024-10-19 19:28:43.405 | INFO     | __main__:process_file:169 - Applying rolling window TA for window 3, suffix 45m on btc_15m_data_2018_to_2024-2024-10-10.csv.
2024-10-19 19:28:51.366 | INFO     | __main__:process_file:96 - Processing file: btc_15m_data_2018_to_2024-2024-10-10.csv
2024-10-19 19:28:51.451 | INFO     | __main__:process_file:102 - Columns with NaN values after dropping 'Open time': {'Open time': 0, 'Open': 0, 'High': 0, 'Low': 0, 'Close': 0, 'Volume': 0, 'Close time': 0, 'Quote asset volume': 0, 'Number of trades': 0, 'Taker buy base asset volume': 0, 'Taker buy quote asset volume': 0, 'Ignore': 0}
2024-10-19 19:28:51.451 | INFO     | __main__:process_file:107 - Shape after dropping NaT values in 'Open time': (237003, 12)
2024-10-19 19:28:51.458 | INFO     | __main__:process_file:135 - Columns with NaN values before dropping: {'open': 0, 'high': 0, 'low': 0, 'close': 0, 'volume': 0, 'Close time': 0, 'Quote asset volume': 0, 'Number of trades': 0, 'Taker buy base asset volume': 0, 'Taker buy quote asset volume': 0, 'Ignore': 0}
2024-10-19 19:28:51.468 | INFO     | __main__:process_file:141 - Shape after handling NaNs: (237003, 11)
2024-10-19 19:28:51.469 | INFO     | __main__:process_file:146 - Shape after handling NaNs: (237003, 11)
2024-10-19 19:29:09.965 | INFO     | __main__:process_file:162 - Successfully added all TA features.
2024-10-19 19:29:09.965 | INFO     | __main__:process_file:169 - Applying rolling window TA for window 3, suffix 45m on btc_15m_data_2018_to_2024-2024-10-10.csv.
